{
  "RSpec": {
    "coverage": {
      "/Users/ktwotwo/Project/gummi-bear-kingdom/spec/controllers/products_controller_spec.rb": [
        1,
        null,
        1,
        1,
        null,
        null,
        0,
        null,
        0,
        null,
        null,
        0,
        null,
        null
      ],
      "/Users/ktwotwo/Project/gummi-bear-kingdom/spec/rails_helper.rb": [
        1,
        1,
        1,
        1,
        1,
        1,
        1,
        null,
        1,
        null,
        1,
        1,
        1,
        1,
        1,
        null,
        null,
        1,
        1,
        1,
        1,
        null,
        null
      ],
      "/Users/ktwotwo/Project/gummi-bear-kingdom/config/environment.rb": [
        null,
        1,
        null,
        null,
        1
      ],
      "/Users/ktwotwo/Project/gummi-bear-kingdom/config/application.rb": [
        1,
        null,
        1,
        null,
        1,
        1,
        1,
        1,
        1,
        1,
        1,
        1,
        null,
        null,
        null,
        null,
        1,
        null,
        1,
        1,
        null,
        null,
        null,
        null,
        null
      ],
      "/Users/ktwotwo/Project/gummi-bear-kingdom/config/boot.rb": [
        1,
        null,
        1
      ],
      "/Users/ktwotwo/Project/gummi-bear-kingdom/config/environments/test.rb": [
        1,
        1,
        1,
        1,
        1,
        null,
        null,
        1,
        1,
        1,
        1,
        1,
        1,
        1,
        null
      ],
      "/Users/ktwotwo/Project/gummi-bear-kingdom/config/initializers/application_controller_renderer.rb": [
        null,
        null,
        null,
        null,
        null,
        null
      ],
      "/Users/ktwotwo/Project/gummi-bear-kingdom/config/initializers/assets.rb": [
        null,
        null,
        null,
        1,
        null,
        null,
        null,
        null,
        null,
        null,
        null
      ],
      "/Users/ktwotwo/Project/gummi-bear-kingdom/config/initializers/backtrace_silencers.rb": [
        null,
        null,
        null,
        null,
        null,
        null,
        null
      ],
      "/Users/ktwotwo/Project/gummi-bear-kingdom/config/initializers/cookies_serializer.rb": [
        null,
        null,
        null,
        null,
        1
      ],
      "/Users/ktwotwo/Project/gummi-bear-kingdom/config/initializers/filter_parameter_logging.rb": [
        null,
        null,
        null,
        1
      ],
      "/Users/ktwotwo/Project/gummi-bear-kingdom/config/initializers/inflections.rb": [
        null,
        null,
        null,
        null,
        null,
        null,
        null,
        null,
        null,
        null,
        null,
        null,
        null,
        null,
        null,
        null
      ],
      "/Users/ktwotwo/Project/gummi-bear-kingdom/config/initializers/mime_types.rb": [
        null,
        null,
        null,
        null
      ],
      "/Users/ktwotwo/Project/gummi-bear-kingdom/config/initializers/new_framework_defaults.rb": [
        null,
        null,
        null,
        null,
        null,
        null,
        null,
        1,
        null,
        null,
        1,
        null,
        null,
        null,
        1,
        null,
        null,
        1,
        null,
        null,
        1,
        null,
        null,
        1
      ],
      "/Users/ktwotwo/Project/gummi-bear-kingdom/config/initializers/session_store.rb": [
        null,
        null,
        1
      ],
      "/Users/ktwotwo/Project/gummi-bear-kingdom/config/initializers/wrap_parameters.rb": [
        null,
        null,
        null,
        null,
        null,
        null,
        1,
        2,
        null,
        null,
        null,
        null,
        null,
        null
      ],
      "/Users/ktwotwo/Project/gummi-bear-kingdom/app/channels/application_cable/channel.rb": [
        1,
        1,
        null,
        null
      ],
      "/Users/ktwotwo/Project/gummi-bear-kingdom/app/channels/application_cable/connection.rb": [
        1,
        1,
        null,
        null
      ],
      "/Users/ktwotwo/Project/gummi-bear-kingdom/app/controllers/application_controller.rb": [
        1,
        1,
        1,
        null,
        1,
        182,
        7,
        0,
        null,
        null,
        null,
        null,
        175,
        null,
        null,
        null,
        1,
        17,
        null,
        null,
        1,
        null,
        null
      ],
      "/Users/ktwotwo/Project/gummi-bear-kingdom/app/helpers/application_helper.rb": [
        1,
        null
      ],
      "/Users/ktwotwo/Project/gummi-bear-kingdom/app/helpers/sessions_helper.rb": [
        1,
        null
      ],
      "/Users/ktwotwo/Project/gummi-bear-kingdom/app/helpers/users_helper.rb": [
        1,
        null
      ],
      "/Users/ktwotwo/Project/gummi-bear-kingdom/app/controllers/products_controller.rb": [
        1,
        1,
        null,
        1,
        10,
        null,
        null,
        1,
        7,
        null,
        null,
        1,
        7,
        7,
        7,
        6,
        null,
        1,
        null,
        null,
        null,
        1,
        7,
        null,
        null,
        1,
        1,
        null,
        null,
        1,
        1,
        1,
        1,
        null,
        0,
        null,
        null,
        null,
        1,
        1,
        1,
        1,
        null,
        null,
        1,
        1,
        8,
        null,
        null
      ],
      "/Users/ktwotwo/Project/gummi-bear-kingdom/app/controllers/reviews_controller.rb": [
        1,
        1,
        3,
        3,
        null,
        null,
        1,
        3,
        3,
        3,
        3,
        3,
        null,
        0,
        null,
        null,
        null,
        1,
        1,
        1,
        null,
        null,
        1,
        1,
        1,
        1,
        1,
        null,
        0,
        null,
        null,
        null,
        1,
        1,
        1,
        1,
        null,
        null,
        1,
        1,
        4,
        null,
        null
      ],
      "/Users/ktwotwo/Project/gummi-bear-kingdom/app/controllers/sessions_controller.rb": [
        1,
        1,
        null,
        null,
        1,
        0,
        0,
        0,
        0,
        null,
        0,
        null,
        null,
        null,
        1,
        0,
        0,
        null,
        null
      ],
      "/Users/ktwotwo/Project/gummi-bear-kingdom/app/controllers/users_controller.rb": [
        1,
        1,
        7,
        null,
        null,
        1,
        7,
        7,
        7,
        7,
        null,
        0,
        null,
        null,
        null,
        1,
        1,
        7,
        null,
        null
      ],
      "/Users/ktwotwo/Project/gummi-bear-kingdom/app/jobs/application_job.rb": [
        1,
        null
      ],
      "/Users/ktwotwo/Project/gummi-bear-kingdom/app/mailers/application_mailer.rb": [
        1,
        1,
        1,
        null
      ],
      "/Users/ktwotwo/Project/gummi-bear-kingdom/app/models/application_record.rb": [
        1,
        1,
        null
      ],
      "/Users/ktwotwo/Project/gummi-bear-kingdom/app/models/product.rb": [
        1,
        1,
        1,
        1,
        1,
        1,
        1,
        null
      ],
      "/Users/ktwotwo/Project/gummi-bear-kingdom/app/models/review.rb": [
        1,
        1,
        1,
        1,
        1,
        null
      ],
      "/Users/ktwotwo/Project/gummi-bear-kingdom/app/models/user.rb": [
        1,
        1,
        1,
        1,
        null
      ],
      "/Users/ktwotwo/Project/gummi-bear-kingdom/spec/factories.rb": [
        1,
        1,
        1,
        1,
        1,
        1,
        1,
        null,
        null,
        1,
        1,
        1,
        1,
        1,
        1,
        null,
        null
      ],
      "/Users/ktwotwo/Project/gummi-bear-kingdom/config/routes.rb": [
        1,
        1,
        1,
        null,
        null,
        1,
        1,
        1,
        1,
        1,
        1,
        null
      ],
      "/Users/ktwotwo/Project/gummi-bear-kingdom/spec/features/add_product_pages_spec.rb": [
        1,
        null,
        1,
        1,
        2,
        2,
        2,
        2,
        2,
        2,
        2,
        null,
        null,
        1,
        1,
        1,
        1,
        1,
        1,
        1,
        1,
        null,
        null,
        1,
        1,
        1,
        1,
        1,
        1,
        1,
        1,
        null,
        null
      ],
      "/Users/ktwotwo/Project/gummi-bear-kingdom/spec/features/add_review_pages_spec.rb": [
        1,
        null,
        1,
        1,
        1,
        1,
        1,
        1,
        1,
        1,
        1,
        1,
        1,
        1,
        1,
        1,
        1,
        1,
        1,
        1,
        1,
        1,
        1,
        null,
        null
      ],
      "/Users/ktwotwo/Project/gummi-bear-kingdom/spec/features/delete_product_pages_spec.rb": [
        1,
        null,
        1,
        1,
        1,
        1,
        1,
        1,
        1,
        1,
        1,
        1,
        1,
        1,
        1,
        1,
        1,
        1,
        1,
        null,
        null
      ],
      "/Users/ktwotwo/Project/gummi-bear-kingdom/spec/features/delete_review_pages_spec.rb": [
        1,
        null,
        1,
        1,
        1,
        1,
        1,
        1,
        1,
        1,
        1,
        1,
        1,
        1,
        1,
        1,
        1,
        1,
        1,
        1,
        1,
        1,
        1,
        1,
        null,
        null
      ],
      "/Users/ktwotwo/Project/gummi-bear-kingdom/spec/features/edit_product_pages_spec.rb": [
        1,
        null,
        1,
        1,
        1,
        1,
        1,
        1,
        1,
        1,
        1,
        1,
        1,
        1,
        1,
        1,
        1,
        1,
        1,
        1,
        1,
        1,
        1,
        1,
        null,
        null
      ],
      "/Users/ktwotwo/Project/gummi-bear-kingdom/spec/features/edit_review_pages_spec.rb": [
        1,
        null,
        1,
        1,
        1,
        1,
        1,
        1,
        1,
        1,
        1,
        1,
        1,
        1,
        1,
        1,
        1,
        1,
        1,
        1,
        1,
        1,
        1,
        1,
        1,
        1,
        1,
        1,
        null,
        null
      ],
      "/Users/ktwotwo/Project/gummi-bear-kingdom/spec/models/product_spec.rb": [
        1,
        null,
        1,
        2,
        2,
        2,
        2,
        2,
        2,
        2,
        2,
        2,
        null
      ],
      "/Users/ktwotwo/Project/gummi-bear-kingdom/spec/models/review_spec.rb": [
        1,
        null,
        1,
        2,
        2,
        2,
        null
      ],
      "/Users/ktwotwo/Project/gummi-bear-kingdom/spec/models/user_spec.rb": [
        1,
        null,
        1,
        1,
        null
      ]
    },
    "timestamp": 1486932612
  }
}
